platforms/android/build/outputs/logs/manifest-merger-x86-debug-report.txt
-- Merging decision tree log ---
manifest
ADDED from platforms\android\AndroidManifest.xml:2:1-36:12
	package
		ADDED from platforms\android\AndroidManifest.xml:2:102-135
		INJECTED from platforms\android\AndroidManifest.xml
		INJECTED from platforms\android\AndroidManifest.xml
	android:versionName
		ADDED from platforms\android\AndroidManifest.xml:2:74-101
		INJECTED from platforms\android\AndroidManifest.xml
		INJECTED from platforms\android\AndroidManifest.xml
	android:hardwareAccelerated
		ADDED from platforms\android\AndroidManifest.xml:2:11-45
	android:versionCode
		ADDED from platforms\android\AndroidManifest.xml:2:46-73
		INJECTED from platforms\android\AndroidManifest.xml
		INJECTED from platforms\android\AndroidManifest.xml
	xmlns:android
		ADDED from platforms\android\AndroidManifest.xml:2:136-194
supports-screens
ADDED from platforms\android\AndroidManifest.xml:3:3-188
	android:largeScreens
		ADDED from platforms\android\AndroidManifest.xml:3:47-74
	android:smallScreens
		ADDED from platforms\android\AndroidManifest.xml:3:130-157
	android:normalScreens
		ADDED from platforms\android\AndroidManifest.xml:3:75-103
	android:xlargeScreens
		ADDED from platforms\android\AndroidManifest.xml:3:158-186
	android:resizeable
		ADDED from platforms\android\AndroidManifest.xml:3:104-129
	android:anyDensity
		ADDED from platforms\android\AndroidManifest.xml:3:21-46
uses-permission#android.permission.INTERNET
ADDED from platforms\android\AndroidManifest.xml:4:3-64
	android:name
		ADDED from platforms\android\AndroidManifest.xml:4:20-62
uses-permission#android.permission.GET_ACCOUNTS
ADDED from platforms\android\AndroidManifest.xml:5:3-68
	android:name
		ADDED from platforms\android\AndroidManifest.xml:5:20-66
uses-permission#android.permission.USE_CREDENTIALS
ADDED from platforms\android\AndroidManifest.xml:6:3-71
	android:name
		ADDED from platforms\android\AndroidManifest.xml:6:20-69
uses-permission#android.permission.ACCESS_NETWORK_STATE
ADDED from platforms\android\AndroidManifest.xml:7:3-76
	android:name
		ADDED from platforms\android\AndroidManifest.xml:7:20-74
uses-permission#android.permission.ACCESS_WIFI_STATE
ADDED from platforms\android\AndroidManifest.xml:8:3-73
	android:name
		ADDED from platforms\android\AndroidManifest.xml:8:20-71
application
ADDED from platforms\android\AndroidManifest.xml:9:3-34:17
MERGED from [com.android.support:customtabs:23.3.0] AndroidManifest.xml:22:5-20
MERGED from [com.google.android.gms:play-services-auth:11.0.2] AndroidManifest.xml:19:5-25:19
MERGED from [com.google.android.gms:play-services-identity:11.0.2] AndroidManifest.xml:18:5-19
MERGED from [com.google.android.gms:play-services-base:11.0.2] AndroidManifest.xml:18:5-20:19
MERGED from [com.google.android.gms:play-services-tasks:11.0.2] AndroidManifest.xml:4:5-19
MERGED from [com.google.android.gms:play-services-basement:11.0.2] AndroidManifest.xml:19:5-21:19
MERGED from [com.android.support:support-v4:26.0.0-alpha1] AndroidManifest.xml:29:5-20
MERGED from [com.android.support:support-media-compat:26.0.0-alpha1] AndroidManifest.xml:29:5-20
MERGED from [com.android.support:support-fragment:26.0.0-alpha1] AndroidManifest.xml:29:5-20
MERGED from [com.android.support:support-core-ui:26.0.0-alpha1] AndroidManifest.xml:29:5-20
MERGED from [com.android.support:support-core-utils:26.0.0-alpha1] AndroidManifest.xml:29:5-20
MERGED from [com.android.support:support-compat:26.0.0-alpha1] AndroidManifest.xml:29:5-20
	android:label
		ADDED from platforms\android\AndroidManifest.xml:9:79-111
	android:supportsRtl
		ADDED from platforms\android\AndroidManifest.xml:9:112-138
	android:hardwareAccelerated
		ADDED from platforms\android\AndroidManifest.xml:9:16-50
	android:icon
		ADDED from platforms\android\AndroidManifest.xml:9:51-78
activity#com.phonegap.helloworld.MainActivity
ADDED from platforms\android\AndroidManifest.xml:10:5-33:16
	android:label
		ADDED from platforms\android\AndroidManifest.xml:10:93-130
	android:launchMode
		ADDED from platforms\android\AndroidManifest.xml:10:131-161
	android:windowSoftInputMode
		ADDED from platforms\android\AndroidManifest.xml:10:253-295
	android:configChanges
		ADDED from platforms\android\AndroidManifest.xml:10:15-92
	android:theme
		ADDED from platforms\android\AndroidManifest.xml:10:190-252
	android:name
		ADDED from platforms\android\AndroidManifest.xml:10:162-189
intent-filter#android.intent.action.MAIN+android.intent.category.LAUNCHER
ADDED from platforms\android\AndroidManifest.xml:11:7-14:23
	android:label
		ADDED from platforms\android\AndroidManifest.xml:11:22-59
action#android.intent.action.MAIN
ADDED from platforms\android\AndroidManifest.xml:12:9-60
	android:name
		ADDED from platforms\android\AndroidManifest.xml:12:17-58
category#android.intent.category.LAUNCHER
ADDED from platforms\android\AndroidManifest.xml:13:9-68
	android:name
		ADDED from platforms\android\AndroidManifest.xml:13:19-66
intent-filter#android.intent.action.VIEW+android.intent.category.BROWSABLE+android.intent.category.DEFAULT
ADDED from platforms\android\AndroidManifest.xml:15:7-20:23
action#android.intent.action.VIEW
ADDED from platforms\android\AndroidManifest.xml:16:9-60
	android:name
		ADDED from platforms\android\AndroidManifest.xml:16:17-58
category#android.intent.category.DEFAULT
ADDED from platforms\android\AndroidManifest.xml:17:9-67
	android:name
		ADDED from platforms\android\AndroidManifest.xml:17:19-65
category#android.intent.category.BROWSABLE
ADDED from platforms\android\AndroidManifest.xml:18:9-69
	android:name
		ADDED from platforms\android\AndroidManifest.xml:18:19-67
data
ADDED from platforms\android\AndroidManifest.xml:19:9-54
	android:scheme
		ADDED from platforms\android\AndroidManifest.xml:19:15-52
uses-sdk
ADDED from platforms\android\AndroidManifest.xml:35:3-71
MERGED from [com.android.support:customtabs:23.3.0] AndroidManifest.xml:20:5-44
MERGED from [com.google.android.gms:play-services-auth:11.0.2] AndroidManifest.xml:17:5-43
MERGED from [com.google.android.gms:play-services-auth-base:11.0.2] AndroidManifest.xml:4:5-43
MERGED from [com.google.android.gms:play-services-identity:11.0.2] AndroidManifest.xml:17:5-43
MERGED from [com.google.android.gms:play-services-base:11.0.2] AndroidManifest.xml:17:5-43
MERGED from [com.google.android.gms:play-services-tasks:11.0.2] AndroidManifest.xml:3:5-43
MERGED from [com.google.android.gms:play-services-basement:11.0.2] AndroidManifest.xml:17:5-43
MERGED from [org.xwalk:xwalk_core_library:23.53.589.4] AndroidManifest.xml:6:5-8:41
MERGED from [com.android.support:support-v4:26.0.0-alpha1] AndroidManifest.xml:21:5-23:54
MERGED from [com.android.support:support-media-compat:26.0.0-alpha1] AndroidManifest.xml:21:5-23:63
MERGED from [com.android.support:support-fragment:26.0.0-alpha1] AndroidManifest.xml:21:5-23:60
MERGED from [com.android.support:support-core-ui:26.0.0-alpha1] AndroidManifest.xml:21:5-23:58
MERGED from [com.android.support:support-core-utils:26.0.0-alpha1] AndroidManifest.xml:21:5-23:61
MERGED from [com.android.support:support-compat:26.0.0-alpha1] AndroidManifest.xml:21:5-23:58
MERGED from [org.apache.cordova:CordovaLib:6.2.3:debug] AndroidManifest.xml:25:5-44
	tools:overrideLibrary
		ADDED from [com.android.support:support-v4:26.0.0-alpha1] AndroidManifest.xml:23:9-51
	android:targetSdkVersion
		ADDED from platforms\android\AndroidManifest.xml:35:40-69
	android:minSdkVersion
		ADDED from platforms\android\AndroidManifest.xml:35:13-39
		INJECTED from platforms\android\AndroidManifest.xml
		INJECTED from platforms\android\AndroidManifest.xml
activity#com.google.android.gms.auth.api.signin.internal.SignInHubActivity
ADDED from [com.google.android.gms:play-services-auth:11.0.2] AndroidManifest.xml:20:9-189
	android:excludeFromRecents
		ADDED from [com.google.android.gms:play-services-auth:11.0.2] AndroidManifest.xml:20:129-162
	android:exported
		ADDED from [com.google.android.gms:play-services-auth:11.0.2] AndroidManifest.xml:20:163-187
	android:theme
		ADDED from [com.google.android.gms:play-services-auth:11.0.2] AndroidManifest.xml:20:69-128
	android:name
		ADDED from [com.google.android.gms:play-services-auth:11.0.2] AndroidManifest.xml:20:19-68
service#com.google.android.gms.auth.api.signin.RevocationBoundService
ADDED from [com.google.android.gms:play-services-auth:11.0.2] AndroidManifest.xml:24:9-184
	android:exported
		ADDED from [com.google.android.gms:play-services-auth:11.0.2] AndroidManifest.xml:24:64-87
	android:permission
		ADDED from [com.google.android.gms:play-services-auth:11.0.2] AndroidManifest.xml:24:88-182
	android:name
		ADDED from [com.google.android.gms:play-services-auth:11.0.2] AndroidManifest.xml:24:18-63
activity#com.google.android.gms.common.api.GoogleApiActivity
ADDED from [com.google.android.gms:play-services-base:11.0.2] AndroidManifest.xml:19:9-172
	android:exported
		ADDED from [com.google.android.gms:play-services-base:11.0.2] AndroidManifest.xml:19:146-170
	android:theme
		ADDED from [com.google.android.gms:play-services-base:11.0.2] AndroidManifest.xml:19:86-145
	android:name
		ADDED from [com.google.android.gms:play-services-base:11.0.2] AndroidManifest.xml:19:19-85
meta-data#com.google.android.gms.version
ADDED from [com.google.android.gms:play-services-basement:11.0.2] AndroidManifest.xml:20:9-121
	android:value
		ADDED from [com.google.android.gms:play-services-basement:11.0.2] AndroidManifest.xml:20:66-119
	android:name
		ADDED from [com.google.android.gms:play-services-basement:11.0.2] AndroidManifest.xml:20:20-65
meta-data#android.support.VERSION
ADDED from [com.android.support:support-v4:26.0.0-alpha1] AndroidManifest.xml:25:5-27:41
MERGED from [com.android.support:support-media-compat:26.0.0-alpha1] AndroidManifest.xml:25:5-27:41
MERGED from [com.android.support:support-fragment:26.0.0-alpha1] AndroidManifest.xml:25:5-27:41
MERGED from [com.android.support:support-core-ui:26.0.0-alpha1] AndroidManifest.xml:25:5-27:41
MERGED from [com.android.support:support-core-utils:26.0.0-alpha1] AndroidManifest.xml:25:5-27:41
MERGED from [com.android.support:support-compat:26.0.0-alpha1] AndroidManifest.xml:25:5-27:41
	android:value
		ADDED from [com.android.support:support-v4:26.0.0-alpha1] AndroidManifest.xml:27:9-38
	android:name
		ADDED from [com.android.support:support-v4:26.0.0-alpha1] AndroidManifest.xml:26:9-47